<?xml version="1.0" encoding="UTF-8"?>
<coverage generated="1636528177474" clover="3.2.0">
  <project timestamp="1636528177474" name="All files">
    <metrics statements="8" coveredstatements="7" conditionals="2" coveredconditionals="1" methods="4" coveredmethods="4" elements="14" coveredelements="12" complexity="0" loc="8" ncloc="8" packages="1" files="1" classes="1"/>
    <file name="index.js" path="/home/reena/Desktop/AdvancedDOM/TA-JS-advanced-dom-and-test-TJaaan/block-BJaajc/code/index.js">
      <metrics statements="8" coveredstatements="7" conditionals="2" coveredconditionals="1" methods="4" coveredmethods="4"/>
      <line num="3" count="4" type="stmt"/>
      <line num="7" count="1" type="stmt"/>
      <line num="8" count="1" type="cond" truecount="1" falsecount="1"/>
      <line num="9" count="0" type="stmt"/>
      <line num="11" count="1" type="stmt"/>
      <line num="16" count="1" type="stmt"/>
      <line num="20" count="1" type="stmt"/>
      <line num="23" count="1" type="stmt"/>
    </file>
  </project>
</coverage>
