{"/home/reena/Desktop/AdvancedDOM/TA-JS-advanced-dom-and-test-TJaaan/block-BJaajc/code/index.js": {"path":"/home/reena/Desktop/AdvancedDOM/TA-JS-advanced-dom-and-test-TJaaan/block-BJaajc/code/index.js","statementMap":{"0":{"start":{"line":3,"column":4},"end":{"line":3,"column":38}},"1":{"start":{"line":7,"column":18},"end":{"line":7,"column":51}},"2":{"start":{"line":8,"column":4},"end":{"line":12,"column":5}},"3":{"start":{"line":9,"column":6},"end":{"line":9,"column":18}},"4":{"start":{"line":11,"column":6},"end":{"line":11,"column":19}},"5":{"start":{"line":16,"column":4},"end":{"line":16,"column":58}},"6":{"start":{"line":20,"column":4},"end":{"line":20,"column":54}},"7":{"start":{"line":24,"column":2},"end":{"line":29,"column":4}}},"fnMap":{"0":{"name":"getFullName","decl":{"start":{"line":2,"column":9},"end":{"line":2,"column":20}},"loc":{"start":{"line":2,"column":42},"end":{"line":4,"column":3}},"line":2},"1":{"name":"palindrome","decl":{"start":{"line":6,"column":11},"end":{"line":6,"column":21}},"loc":{"start":{"line":6,"column":28},"end":{"line":13,"column":3}},"line":6},"2":{"name":"getCircumference","decl":{"start":{"line":15,"column":11},"end":{"line":15,"column":27}},"loc":{"start":{"line":15,"column":36},"end":{"line":17,"column":3}},"line":15},"3":{"name":"getArea","decl":{"start":{"line":19,"column":11},"end":{"line":19,"column":18}},"loc":{"start":{"line":19,"column":27},"end":{"line":21,"column":3}},"line":19}},"branchMap":{"0":{"loc":{"start":{"line":8,"column":4},"end":{"line":12,"column":5}},"type":"if","locations":[{"start":{"line":8,"column":4},"end":{"line":12,"column":5}},{"start":{"line":10,"column":11},"end":{"line":12,"column":5}}],"line":8}},"s":{"0":4,"1":6,"2":6,"3":3,"4":3,"5":6,"6":6,"7":1},"f":{"0":4,"1":6,"2":6,"3":6},"b":{"0":[3,3]},"_coverageSchema":"1a1c01bbd47fc00a2c39e90264f33305004495a9","hash":"e1869d85306a680970953fdadf448082848734c8"}
}
